<html>
<head>
<title>TestNG:  Login</title>
<link href="../testng.css" rel="stylesheet" type="text/css" />
<link href="../my-testng.css" rel="stylesheet" type="text/css" />

<style type="text/css">
.log { display: none;} 
.stack-trace { display: none;} 
</style>
<script type="text/javascript">
<!--
function flip(e) {
  current = e.style.display;
  if (current == 'block') {
    e.style.display = 'none';
    return 0;
  }
  else {
    e.style.display = 'block';
    return 1;
  }
}

function toggleBox(szDivId, elem, msg1, msg2)
{
  var res = -1;  if (document.getElementById) {
    res = flip(document.getElementById(szDivId));
  }
  else if (document.all) {
    // this is the way old msie versions work
    res = flip(document.all[szDivId]);
  }
  if(elem) {
    if(res == 0) elem.innerHTML = msg1; else elem.innerHTML = msg2;
  }

}

function toggleAllBoxes() {
  if (document.getElementsByTagName) {
    d = document.getElementsByTagName('div');
    for (i = 0; i < d.length; i++) {
      if (d[i].className == 'log') {
        flip(d[i]);
      }
    }
  }
}

// -->
</script>

</head>
<body>
<h2 align='center'>Login</h2><table border='1' align="center">
<tr>
<td>Tests passed/Failed/Skipped:</td><td>0/1/3</td>
</tr><tr>
<td>Started on:</td><td>Sun Sep 07 00:41:18 IST 2014</td>
</tr>
<tr><td>Total time:</td><td>65 seconds (65765 ms)</td>
</tr><tr>
<td>Included groups:</td><td></td>
</tr><tr>
<td>Excluded groups:</td><td></td>
</tr>
</table><p/>
<small><i>(Hover the method name to see the test class name)</i></small><p/>
<table width='100%' border='1' class='invocation-failed'>
<tr><td colspan='4' align='center'><b>FAILED TESTS</b></td></tr>
<tr><td><b>Test method</b></td>
<td width="30%"><b>Exception</b></td>
<td width="10%"><b>Time (seconds)</b></td>
<td><b>Instance</b></td>
</tr>
<tr>
<td title='com.qtpselenium.salesforce.testcases.LoginTest.doLogin()'><b>doLogin</b><br>Test class: com.qtpselenium.salesforce.testcases.LoginTest<br>Parameters: {Username=admin, Password=admin, Runmode=Y, Flag=Y, Browser=Mozilla}</td>
<td><div><pre>org.openqa.selenium.WebDriverException: Failed to connect to binary FirefoxBinary(C:\Program Files\Mozilla Firefox\firefox.exe) on port 7055; process output follows: 
ync provider shutdown done
System JS : ERROR resource://gre/components/nsSearchService.js:269 - NS_ERROR_ILLEGAL_VALUE: SRCH_SVC_moveEngine: Index out of bounds!
1410030700315	addons.manager	DEBUG	Loaded provider scope for resource://gre/modules/addons/XPIProvider.jsm: [&quot;XPIProvider&quot;]
1410030700317	addons.manager	DEBUG	Loaded provider scope for resource://gre/modules/LightweightThemeManager.jsm: [&quot;LightweightThemeManager&quot;]
1410030700320	addons.xpi	DEBUG	startup
1410030700321	addons.xpi	DEBUG	Skipping unavailable install location app-system-local
1410030700321	addons.xpi	DEBUG	Skipping unavailable install location app-system-share
1410030700322	addons.xpi	INFO	Mapping {82AF8DCA-6DE9-405D-BD5E-43525BDAD38A} to C:\Program Files\Mozilla Firefox\browser\extensions\{82AF8DCA-6DE9-405D-BD5E-43525BDAD38A}.xpi
1410030700323	addons.xpi	INFO	Mapping {972ce4c6-7e08-4474-a285-3208198ce6fd} to C:\Program Files\Mozilla Firefox\browser\extensions\{972ce4c6-7e08-4474-a285-3208198ce6fd}
1410030700324	addons.xpi	INFO	Mapping fxdriver@googlecode.com to C:\Users\Vibhor\AppData\Local\Temp\anonymous6518398692703482865webdriver-profile\extensions\fxdriver@googlecode.com
1410030700324	addons.xpi	DEBUG	Ignoring file entry whose name is not a valid add-on ID: C:\Users\Vibhor\AppData\Local\Temp\anonymous6518398692703482865webdriver-profile\extensions\webdriver-staging
1410030700324	addons.xpi	DEBUG	checkForChanges
1410030700340	addons.xpi	DEBUG	No changes found
1410030700345	addons.xpi	DEBUG	Registering manifest for C:\Program Files\Mozilla Firefox\browser\extensions\{82AF8DCA-6DE9-405D-BD5E-43525BDAD38A}.xpi
1410030700346	addons.xpi	DEBUG	Loading bootstrap scope from C:\Program Files\Mozilla Firefox\browser\extensions\{82AF8DCA-6DE9-405D-BD5E-43525BDAD38A}.xpi
1410030700354	addons.xpi	DEBUG	Calling bootstrap method startup on {82AF8DCA-6DE9-405D-BD5E-43525BDAD38A} version 7.3.16540.9015
*** Blocklist::_preloadBlocklistFile: blocklist is disabled
console.error: skype_ff_extension: 
  DEPRECATED: The widget module is deprecated.  Please consider using the sdk/ui module instead.
Traceback (most recent call last):
  File &quot;resource://gre/modules/commonjs/sdk/addon/runner.js&quot;, line 114, in startup/&lt;
    run(options);
  File &quot;resource://gre/modules/commonjs/sdk/addon/runner.js&quot;, line 170, in run
    let program = main(options.loader, options.main);
  File &quot;resource://gre/modules/commonjs/toolkit/loader.js&quot;, line 645, in main
    return loader.load(loader, module).exports;
  File &quot;resource://gre/modules/commonjs/sdk/loader/cuddlefish.js&quot;, line 129, in CuddlefishLoader/options&lt;.load
    result = load(loader, module);
  File &quot;resource://gre/modules/commonjs/toolkit/loader.js&quot;, line 299, in load
    evaluate(sandbox, module.uri);
  File &quot;resource://gre/modules/commonjs/toolkit/loader.js&quot;, line 262, in evaluate
    : loadSubScript(uri, sandbox, encoding);
  File &quot;resource://skype_ff_extension-at-jetpack/skype_ff_extension/lib/main.js&quot;, line 14, in null
    var widgets = require(&quot;sdk/widget&quot;);
  File &quot;resource://gre/modules/commonjs/toolkit/loader.js&quot;, line 619, in require
    freeze(load(loader, module));
  File &quot;resource://gre/modules/commonjs/sdk/loader/cuddlefish.js&quot;, line 129, in CuddlefishLoader/options&lt;.load
    result = load(loader, module);
  File &quot;resource://gre/modules/commonjs/toolkit/loader.js&quot;, line 299, in load
    evaluate(sandbox, module.uri);
  File &quot;resource://gre/modules/commonjs/toolkit/loader.js&quot;, line 262, in evaluate
    : loadSubScript(uri, sandbox, encoding);
  File &quot;resource://gre/modules/commonjs/sdk/widget.js&quot;, line 60, in null
    &quot;The widget module is deprecated.  &quot; +
  File &quot;resource://gre/modules/commonjs/sdk/util/deprecate.js&quot;, line 18, in deprecateUsage
    let stack = get().slice(2);
System JS : ERROR resource://gre/components/nsSearchService.js:269 - NS_ERROR_ILLEGAL_VALUE: SRCH_SVC_moveEngine: Index out of bounds!
JavaScript error: resource://skype_ff_extension-at-jetpack/skype_ff_extension/data/c2c_options_menu_localization.js, line 189: document.getElementById(...) is null

Build info: version: &apos;2.38.0&apos;, revision: &apos;bd32d4e&apos;, time: &apos;2013-12-05 16:16:40&apos;
System info: host: &apos;PC&apos;, ip: &apos;192.168.1.104&apos;, os.name: &apos;Windows 7&apos;, os.arch: &apos;x86&apos;, os.version: &apos;6.1&apos;, java.version: &apos;1.7.0_17&apos;
Driver info: driver.version: FirefoxDriver
	at org.openqa.selenium.firefox.internal.NewProfileExtensionConnection.start(NewProfileExtensionConnection.java:130)
	at org.openqa.selenium.firefox.FirefoxDriver.startClient(FirefoxDriver.java:250)
	at org.openqa.selenium.remote.RemoteWebDriver.&lt;init&gt;(RemoteWebDriver.java:110)
	at org.openqa.selenium.firefox.FirefoxDriver.&lt;init&gt;(FirefoxDriver.java:197)
	at org.openqa.selenium.firefox.FirefoxDriver.&lt;init&gt;(FirefoxDriver.java:190)
	at org.openqa.selenium.firefox.FirefoxDriver.&lt;init&gt;(FirefoxDriver.java:186)
	at org.openqa.selenium.firefox.FirefoxDriver.&lt;init&gt;(FirefoxDriver.java:99)
	at com.qtpselenium.util.Keywords.openBrowser(Keywords.java:135)
	at com.qtpselenium.util.Keywords.executeKeywords(Keywords.java:69)
	at com.qtpselenium.salesforce.testcases.LoginTest.doLogin(LoginTest.java:38)
Caused by: org.openqa.selenium.firefox.NotConnectedException: Unable to connect to host 127.0.0.1 on port 7055 after 45000 ms. Firefox console output:
ync provider shutdown done
System JS : ERROR resource://gre/components/nsSearchService.js:269 - NS_ERROR_ILLEGAL_VALUE: SRCH_SVC_moveEngine: Index out of bounds!
1410030700315	addons.manager	DEBUG	Loaded provider scope for resource://gre/modules/addons/XPIProvider.jsm: [&quot;XPIProvider&quot;]
1410030700317	addons.manager	DEBUG	Loaded provider scope for resource://gre/modules/LightweightThemeManager.jsm: [&quot;LightweightThemeManager&quot;]
1410030700320	addons.xpi	DEBUG	startup
1410030700321	addons.xpi	DEBUG	Skipping unavailable install location app-system-local
1410030700321	addons.xpi	DEBUG	Skipping unavailable install location app-system-share
1410030700322	addons.xpi	INFO	Mapping {82AF8DCA-6DE9-405D-BD5E-43525BDAD38A} to C:\Program Files\Mozilla Firefox\browser\extensions\{82AF8DCA-6DE9-405D-BD5E-43525BDAD38A}.xpi
1410030700323	addons.xpi	INFO	Mapping {972ce4c6-7e08-4474-a285-3208198ce6fd} to C:\Program Files\Mozilla Firefox\browser\extensions\{972ce4c6-7e08-4474-a285-3208198ce6fd}
1410030700324	addons.xpi	INFO	Mapping fxdriver@googlecode.com to C:\Users\Vibhor\AppData\Local\Temp\anonymous6518398692703482865webdriver-profile\extensions\fxdriver@googlecode.com
1410030700324	addons.xpi	DEBUG	Ignoring file entry whose name is not a valid add-on ID: C:\Users\Vibhor\AppData\Local\Temp\anonymous6518398692703482865webdriver-profile\extensions\webdriver-staging
1410030700324	addons.xpi	DEBUG	checkForChanges
1410030700340	addons.xpi	DEBUG	No changes found
1410030700345	addons.xpi	DEBUG	Registering manifest for C:\Program Files\Mozilla Firefox\browser\extensions\{82AF8DCA-6DE9-405D-BD5E-43525BDAD38A}.xpi
1410030700346	addons.xpi	DEBUG	Loading bootstrap scope from C:\Program Files\Mozilla Firefox\browser\extensions\{82AF8DCA-6DE9-405D-BD5E-43525BDAD38A}.xpi
1410030700354	addons.xpi	DEBUG	Calling bootstrap method startup on {82AF8DCA-6DE9-405D-BD5E-43525BDAD38A} version 7.3.16540.9015
*** Blocklist::_preloadBlocklistFile: blocklist is disabled
console.error: skype_ff_extension: 
  DEPRECATED: The widget module is deprecated.  Please consider using the sdk/ui module instead.
Traceback (most recent call last):
  File &quot;resource://gre/modules/commonjs/sdk/addon/runner.js&quot;, line 114, in startup/&lt;
    run(options);
  File &quot;resource://gre/modules/commonjs/sdk/addon/runner.js&quot;, line 170, in run
    let program = main(options.loader, options.main);
  File &quot;resource://gre/modules/commonjs/toolkit/loader.js&quot;, line 645, in main
    return loader.load(loader, module).exports;
  File &quot;resource://gre/modules/commonjs/sdk/loader/cuddlefish.js&quot;, line 129, in CuddlefishLoader/options&lt;.load
    result = load(loader, module);
  File &quot;resource://gre/modules/commonjs/toolkit/loader.js&quot;, line 299, in load
    evaluate(sandbox, module.uri);
  File &quot;resource://gre/modules/commonjs/toolkit/loader.js&quot;, line 262, in evaluate
    : loadSubScript(uri, sandbox, encoding);
  File &quot;resource://skype_ff_extension-at-jetpack/skype_ff_extension/lib/main.js&quot;, line 14, in null
    var widgets = require(&quot;sdk/widget&quot;);
  File &quot;resource://gre/modules/commonjs/toolkit/loader.js&quot;, line 619, in require
    freeze(load(loader, module));
  File &quot;resource://gre/modules/commonjs/sdk/loader/cuddlefish.js&quot;, line 129, in CuddlefishLoader/options&lt;.load
    result = load(loader, module);
  File &quot;resource://gre/modules/commonjs/toolkit/loader.js&quot;, line 299, in load
    evaluate(sandbox, module.uri);
  File &quot;resource://gre/modules/commonjs/toolkit/loader.js&quot;, line 262, in evaluate
    : loadSubScript(uri, sandbox, encoding);
  File &quot;resource://gre/modules/commonjs/sdk/widget.js&quot;, line 60, in null
    &quot;The widget module is deprecated.  &quot; +
  File &quot;resource://gre/modules/commonjs/sdk/util/deprecate.js&quot;, line 18, in deprecateUsage
    let stack = get().slice(2);
System JS : ERROR resource://gre/components/nsSearchService.js:269 - NS_ERROR_ILLEGAL_VALUE: SRCH_SVC_moveEngine: Index out of bounds!
JavaScript error: resource://skype_ff_extension-at-jetpack/skype_ff_extension/data/c2c_options_menu_localization.js, line 189: document.getElementById(...) is null

	at org.openqa.selenium.firefox.internal.NewProfileExtensionConnection.start(NewProfileExtensionConnection.java:118)
	... 32 more
... Removed 23 stack frames</pre></div><a href='#' onClick='toggleBox("stack-trace3406121", this, "Click to show all stack frames", "Click to hide stack frames")'>Click to show all stack frames</a>
<div class='stack-trace' id='stack-trace3406121'><pre>org.openqa.selenium.WebDriverException: Failed to connect to binary FirefoxBinary(C:\Program Files\Mozilla Firefox\firefox.exe) on port 7055; process output follows: 
ync provider shutdown done
System JS : ERROR resource://gre/components/nsSearchService.js:269 - NS_ERROR_ILLEGAL_VALUE: SRCH_SVC_moveEngine: Index out of bounds!
1410030700315	addons.manager	DEBUG	Loaded provider scope for resource://gre/modules/addons/XPIProvider.jsm: [&quot;XPIProvider&quot;]
1410030700317	addons.manager	DEBUG	Loaded provider scope for resource://gre/modules/LightweightThemeManager.jsm: [&quot;LightweightThemeManager&quot;]
1410030700320	addons.xpi	DEBUG	startup
1410030700321	addons.xpi	DEBUG	Skipping unavailable install location app-system-local
1410030700321	addons.xpi	DEBUG	Skipping unavailable install location app-system-share
1410030700322	addons.xpi	INFO	Mapping {82AF8DCA-6DE9-405D-BD5E-43525BDAD38A} to C:\Program Files\Mozilla Firefox\browser\extensions\{82AF8DCA-6DE9-405D-BD5E-43525BDAD38A}.xpi
1410030700323	addons.xpi	INFO	Mapping {972ce4c6-7e08-4474-a285-3208198ce6fd} to C:\Program Files\Mozilla Firefox\browser\extensions\{972ce4c6-7e08-4474-a285-3208198ce6fd}
1410030700324	addons.xpi	INFO	Mapping fxdriver@googlecode.com to C:\Users\Vibhor\AppData\Local\Temp\anonymous6518398692703482865webdriver-profile\extensions\fxdriver@googlecode.com
1410030700324	addons.xpi	DEBUG	Ignoring file entry whose name is not a valid add-on ID: C:\Users\Vibhor\AppData\Local\Temp\anonymous6518398692703482865webdriver-profile\extensions\webdriver-staging
1410030700324	addons.xpi	DEBUG	checkForChanges
1410030700340	addons.xpi	DEBUG	No changes found
1410030700345	addons.xpi	DEBUG	Registering manifest for C:\Program Files\Mozilla Firefox\browser\extensions\{82AF8DCA-6DE9-405D-BD5E-43525BDAD38A}.xpi
1410030700346	addons.xpi	DEBUG	Loading bootstrap scope from C:\Program Files\Mozilla Firefox\browser\extensions\{82AF8DCA-6DE9-405D-BD5E-43525BDAD38A}.xpi
1410030700354	addons.xpi	DEBUG	Calling bootstrap method startup on {82AF8DCA-6DE9-405D-BD5E-43525BDAD38A} version 7.3.16540.9015
*** Blocklist::_preloadBlocklistFile: blocklist is disabled
console.error: skype_ff_extension: 
  DEPRECATED: The widget module is deprecated.  Please consider using the sdk/ui module instead.
Traceback (most recent call last):
  File &quot;resource://gre/modules/commonjs/sdk/addon/runner.js&quot;, line 114, in startup/&lt;
    run(options);
  File &quot;resource://gre/modules/commonjs/sdk/addon/runner.js&quot;, line 170, in run
    let program = main(options.loader, options.main);
  File &quot;resource://gre/modules/commonjs/toolkit/loader.js&quot;, line 645, in main
    return loader.load(loader, module).exports;
  File &quot;resource://gre/modules/commonjs/sdk/loader/cuddlefish.js&quot;, line 129, in CuddlefishLoader/options&lt;.load
    result = load(loader, module);
  File &quot;resource://gre/modules/commonjs/toolkit/loader.js&quot;, line 299, in load
    evaluate(sandbox, module.uri);
  File &quot;resource://gre/modules/commonjs/toolkit/loader.js&quot;, line 262, in evaluate
    : loadSubScript(uri, sandbox, encoding);
  File &quot;resource://skype_ff_extension-at-jetpack/skype_ff_extension/lib/main.js&quot;, line 14, in null
    var widgets = require(&quot;sdk/widget&quot;);
  File &quot;resource://gre/modules/commonjs/toolkit/loader.js&quot;, line 619, in require
    freeze(load(loader, module));
  File &quot;resource://gre/modules/commonjs/sdk/loader/cuddlefish.js&quot;, line 129, in CuddlefishLoader/options&lt;.load
    result = load(loader, module);
  File &quot;resource://gre/modules/commonjs/toolkit/loader.js&quot;, line 299, in load
    evaluate(sandbox, module.uri);
  File &quot;resource://gre/modules/commonjs/toolkit/loader.js&quot;, line 262, in evaluate
    : loadSubScript(uri, sandbox, encoding);
  File &quot;resource://gre/modules/commonjs/sdk/widget.js&quot;, line 60, in null
    &quot;The widget module is deprecated.  &quot; +
  File &quot;resource://gre/modules/commonjs/sdk/util/deprecate.js&quot;, line 18, in deprecateUsage
    let stack = get().slice(2);
System JS : ERROR resource://gre/components/nsSearchService.js:269 - NS_ERROR_ILLEGAL_VALUE: SRCH_SVC_moveEngine: Index out of bounds!
JavaScript error: resource://skype_ff_extension-at-jetpack/skype_ff_extension/data/c2c_options_menu_localization.js, line 189: document.getElementById(...) is null

Build info: version: &apos;2.38.0&apos;, revision: &apos;bd32d4e&apos;, time: &apos;2013-12-05 16:16:40&apos;
System info: host: &apos;PC&apos;, ip: &apos;192.168.1.104&apos;, os.name: &apos;Windows 7&apos;, os.arch: &apos;x86&apos;, os.version: &apos;6.1&apos;, java.version: &apos;1.7.0_17&apos;
Driver info: driver.version: FirefoxDriver
	at org.openqa.selenium.firefox.internal.NewProfileExtensionConnection.start(NewProfileExtensionConnection.java:130)
	at org.openqa.selenium.firefox.FirefoxDriver.startClient(FirefoxDriver.java:250)
	at org.openqa.selenium.remote.RemoteWebDriver.&lt;init&gt;(RemoteWebDriver.java:110)
	at org.openqa.selenium.firefox.FirefoxDriver.&lt;init&gt;(FirefoxDriver.java:197)
	at org.openqa.selenium.firefox.FirefoxDriver.&lt;init&gt;(FirefoxDriver.java:190)
	at org.openqa.selenium.firefox.FirefoxDriver.&lt;init&gt;(FirefoxDriver.java:186)
	at org.openqa.selenium.firefox.FirefoxDriver.&lt;init&gt;(FirefoxDriver.java:99)
	at com.qtpselenium.util.Keywords.openBrowser(Keywords.java:135)
	at com.qtpselenium.util.Keywords.executeKeywords(Keywords.java:69)
	at com.qtpselenium.salesforce.testcases.LoginTest.doLogin(LoginTest.java:38)
	at sun.reflect.NativeMethodAccessorImpl.invoke0(Native Method)
	at sun.reflect.NativeMethodAccessorImpl.invoke(NativeMethodAccessorImpl.java:57)
	at sun.reflect.DelegatingMethodAccessorImpl.invoke(DelegatingMethodAccessorImpl.java:43)
	at java.lang.reflect.Method.invoke(Method.java:601)
	at org.testng.internal.MethodInvocationHelper.invokeMethod(MethodInvocationHelper.java:84)
	at org.testng.internal.Invoker.invokeMethod(Invoker.java:714)
	at org.testng.internal.Invoker.invokeTestMethod(Invoker.java:901)
	at org.testng.internal.Invoker.invokeTestMethods(Invoker.java:1231)
	at org.testng.internal.TestMethodWorker.invokeTestMethods(TestMethodWorker.java:127)
	at org.testng.internal.TestMethodWorker.run(TestMethodWorker.java:111)
	at org.testng.TestRunner.privateRun(TestRunner.java:767)
	at org.testng.TestRunner.run(TestRunner.java:617)
	at org.testng.SuiteRunner.runTest(SuiteRunner.java:334)
	at org.testng.SuiteRunner.runSequentially(SuiteRunner.java:329)
	at org.testng.SuiteRunner.privateRun(SuiteRunner.java:291)
	at org.testng.SuiteRunner.run(SuiteRunner.java:240)
	at org.testng.SuiteRunnerWorker.runSuite(SuiteRunnerWorker.java:52)
	at org.testng.SuiteRunnerWorker.run(SuiteRunnerWorker.java:86)
	at org.testng.TestNG.runSuitesSequentially(TestNG.java:1224)
	at org.testng.TestNG.runSuitesLocally(TestNG.java:1149)
	at org.testng.TestNG.run(TestNG.java:1057)
	at org.testng.TestNG.privateMain(TestNG.java:1364)
	at org.testng.TestNG.main(TestNG.java:1333)
Caused by: org.openqa.selenium.firefox.NotConnectedException: Unable to connect to host 127.0.0.1 on port 7055 after 45000 ms. Firefox console output:
ync provider shutdown done
System JS : ERROR resource://gre/components/nsSearchService.js:269 - NS_ERROR_ILLEGAL_VALUE: SRCH_SVC_moveEngine: Index out of bounds!
1410030700315	addons.manager	DEBUG	Loaded provider scope for resource://gre/modules/addons/XPIProvider.jsm: [&quot;XPIProvider&quot;]
1410030700317	addons.manager	DEBUG	Loaded provider scope for resource://gre/modules/LightweightThemeManager.jsm: [&quot;LightweightThemeManager&quot;]
1410030700320	addons.xpi	DEBUG	startup
1410030700321	addons.xpi	DEBUG	Skipping unavailable install location app-system-local
1410030700321	addons.xpi	DEBUG	Skipping unavailable install location app-system-share
1410030700322	addons.xpi	INFO	Mapping {82AF8DCA-6DE9-405D-BD5E-43525BDAD38A} to C:\Program Files\Mozilla Firefox\browser\extensions\{82AF8DCA-6DE9-405D-BD5E-43525BDAD38A}.xpi
1410030700323	addons.xpi	INFO	Mapping {972ce4c6-7e08-4474-a285-3208198ce6fd} to C:\Program Files\Mozilla Firefox\browser\extensions\{972ce4c6-7e08-4474-a285-3208198ce6fd}
1410030700324	addons.xpi	INFO	Mapping fxdriver@googlecode.com to C:\Users\Vibhor\AppData\Local\Temp\anonymous6518398692703482865webdriver-profile\extensions\fxdriver@googlecode.com
1410030700324	addons.xpi	DEBUG	Ignoring file entry whose name is not a valid add-on ID: C:\Users\Vibhor\AppData\Local\Temp\anonymous6518398692703482865webdriver-profile\extensions\webdriver-staging
1410030700324	addons.xpi	DEBUG	checkForChanges
1410030700340	addons.xpi	DEBUG	No changes found
1410030700345	addons.xpi	DEBUG	Registering manifest for C:\Program Files\Mozilla Firefox\browser\extensions\{82AF8DCA-6DE9-405D-BD5E-43525BDAD38A}.xpi
1410030700346	addons.xpi	DEBUG	Loading bootstrap scope from C:\Program Files\Mozilla Firefox\browser\extensions\{82AF8DCA-6DE9-405D-BD5E-43525BDAD38A}.xpi
1410030700354	addons.xpi	DEBUG	Calling bootstrap method startup on {82AF8DCA-6DE9-405D-BD5E-43525BDAD38A} version 7.3.16540.9015
*** Blocklist::_preloadBlocklistFile: blocklist is disabled
console.error: skype_ff_extension: 
  DEPRECATED: The widget module is deprecated.  Please consider using the sdk/ui module instead.
Traceback (most recent call last):
  File &quot;resource://gre/modules/commonjs/sdk/addon/runner.js&quot;, line 114, in startup/&lt;
    run(options);
  File &quot;resource://gre/modules/commonjs/sdk/addon/runner.js&quot;, line 170, in run
    let program = main(options.loader, options.main);
  File &quot;resource://gre/modules/commonjs/toolkit/loader.js&quot;, line 645, in main
    return loader.load(loader, module).exports;
  File &quot;resource://gre/modules/commonjs/sdk/loader/cuddlefish.js&quot;, line 129, in CuddlefishLoader/options&lt;.load
    result = load(loader, module);
  File &quot;resource://gre/modules/commonjs/toolkit/loader.js&quot;, line 299, in load
    evaluate(sandbox, module.uri);
  File &quot;resource://gre/modules/commonjs/toolkit/loader.js&quot;, line 262, in evaluate
    : loadSubScript(uri, sandbox, encoding);
  File &quot;resource://skype_ff_extension-at-jetpack/skype_ff_extension/lib/main.js&quot;, line 14, in null
    var widgets = require(&quot;sdk/widget&quot;);
  File &quot;resource://gre/modules/commonjs/toolkit/loader.js&quot;, line 619, in require
    freeze(load(loader, module));
  File &quot;resource://gre/modules/commonjs/sdk/loader/cuddlefish.js&quot;, line 129, in CuddlefishLoader/options&lt;.load
    result = load(loader, module);
  File &quot;resource://gre/modules/commonjs/toolkit/loader.js&quot;, line 299, in load
    evaluate(sandbox, module.uri);
  File &quot;resource://gre/modules/commonjs/toolkit/loader.js&quot;, line 262, in evaluate
    : loadSubScript(uri, sandbox, encoding);
  File &quot;resource://gre/modules/commonjs/sdk/widget.js&quot;, line 60, in null
    &quot;The widget module is deprecated.  &quot; +
  File &quot;resource://gre/modules/commonjs/sdk/util/deprecate.js&quot;, line 18, in deprecateUsage
    let stack = get().slice(2);
System JS : ERROR resource://gre/components/nsSearchService.js:269 - NS_ERROR_ILLEGAL_VALUE: SRCH_SVC_moveEngine: Index out of bounds!
JavaScript error: resource://skype_ff_extension-at-jetpack/skype_ff_extension/data/c2c_options_menu_localization.js, line 189: document.getElementById(...) is null

	at org.openqa.selenium.firefox.internal.NewProfileExtensionConnection.start(NewProfileExtensionConnection.java:118)
	... 32 more
</pre></div></td>
<td>65</td>
<td>com.qtpselenium.salesforce.testcases.LoginTest@38e644</td></tr>
</table><p>
<table width='100%' border='1' class='invocation-skipped'>
<tr><td colspan='4' align='center'><b>SKIPPED TESTS</b></td></tr>
<tr><td><b>Test method</b></td>
<td width="30%"><b>Exception</b></td>
<td width="10%"><b>Time (seconds)</b></td>
<td><b>Instance</b></td>
</tr>
<tr>
<td title='com.qtpselenium.salesforce.testcases.LoginTest.doLogin()'><b>doLogin</b><br>Test class: com.qtpselenium.salesforce.testcases.LoginTest<br>Parameters: {Username=decentvibhor@gmail.com, Password=plasma123, Runmode=N, Flag=Y, Browser=Mozilla}</td>
<td><div><pre>org.testng.SkipException: Skipping as flag is N
	at com.qtpselenium.salesforce.testcases.LoginTest.doLogin(LoginTest.java:36)
... Removed 23 stack frames</pre></div><a href='#' onClick='toggleBox("stack-trace2827024", this, "Click to show all stack frames", "Click to hide stack frames")'>Click to show all stack frames</a>
<div class='stack-trace' id='stack-trace2827024'><pre>org.testng.SkipException: Skipping as flag is N
	at com.qtpselenium.salesforce.testcases.LoginTest.doLogin(LoginTest.java:36)
	at sun.reflect.NativeMethodAccessorImpl.invoke0(Native Method)
	at sun.reflect.NativeMethodAccessorImpl.invoke(NativeMethodAccessorImpl.java:57)
	at sun.reflect.DelegatingMethodAccessorImpl.invoke(DelegatingMethodAccessorImpl.java:43)
	at java.lang.reflect.Method.invoke(Method.java:601)
	at org.testng.internal.MethodInvocationHelper.invokeMethod(MethodInvocationHelper.java:84)
	at org.testng.internal.Invoker.invokeMethod(Invoker.java:714)
	at org.testng.internal.Invoker.invokeTestMethod(Invoker.java:901)
	at org.testng.internal.Invoker.invokeTestMethods(Invoker.java:1231)
	at org.testng.internal.TestMethodWorker.invokeTestMethods(TestMethodWorker.java:127)
	at org.testng.internal.TestMethodWorker.run(TestMethodWorker.java:111)
	at org.testng.TestRunner.privateRun(TestRunner.java:767)
	at org.testng.TestRunner.run(TestRunner.java:617)
	at org.testng.SuiteRunner.runTest(SuiteRunner.java:334)
	at org.testng.SuiteRunner.runSequentially(SuiteRunner.java:329)
	at org.testng.SuiteRunner.privateRun(SuiteRunner.java:291)
	at org.testng.SuiteRunner.run(SuiteRunner.java:240)
	at org.testng.SuiteRunnerWorker.runSuite(SuiteRunnerWorker.java:52)
	at org.testng.SuiteRunnerWorker.run(SuiteRunnerWorker.java:86)
	at org.testng.TestNG.runSuitesSequentially(TestNG.java:1224)
	at org.testng.TestNG.runSuitesLocally(TestNG.java:1149)
	at org.testng.TestNG.run(TestNG.java:1057)
	at org.testng.TestNG.privateMain(TestNG.java:1364)
	at org.testng.TestNG.main(TestNG.java:1333)
</pre></div></td>
<td>0</td>
<td>com.qtpselenium.salesforce.testcases.LoginTest@38e644</td></tr>
<tr>
<td title='com.qtpselenium.salesforce.testcases.LoginTest.doLogin()'><b>doLogin</b><br>Test class: com.qtpselenium.salesforce.testcases.LoginTest<br>Parameters: {Username=U1, Password=P1, Runmode=N, Flag=N, Browser=Chrome}</td>
<td><div><pre>org.testng.SkipException: Skipping as flag is N
	at com.qtpselenium.salesforce.testcases.LoginTest.doLogin(LoginTest.java:36)
... Removed 23 stack frames</pre></div><a href='#' onClick='toggleBox("stack-trace721667", this, "Click to show all stack frames", "Click to hide stack frames")'>Click to show all stack frames</a>
<div class='stack-trace' id='stack-trace721667'><pre>org.testng.SkipException: Skipping as flag is N
	at com.qtpselenium.salesforce.testcases.LoginTest.doLogin(LoginTest.java:36)
	at sun.reflect.NativeMethodAccessorImpl.invoke0(Native Method)
	at sun.reflect.NativeMethodAccessorImpl.invoke(NativeMethodAccessorImpl.java:57)
	at sun.reflect.DelegatingMethodAccessorImpl.invoke(DelegatingMethodAccessorImpl.java:43)
	at java.lang.reflect.Method.invoke(Method.java:601)
	at org.testng.internal.MethodInvocationHelper.invokeMethod(MethodInvocationHelper.java:84)
	at org.testng.internal.Invoker.invokeMethod(Invoker.java:714)
	at org.testng.internal.Invoker.invokeTestMethod(Invoker.java:901)
	at org.testng.internal.Invoker.invokeTestMethods(Invoker.java:1231)
	at org.testng.internal.TestMethodWorker.invokeTestMethods(TestMethodWorker.java:127)
	at org.testng.internal.TestMethodWorker.run(TestMethodWorker.java:111)
	at org.testng.TestRunner.privateRun(TestRunner.java:767)
	at org.testng.TestRunner.run(TestRunner.java:617)
	at org.testng.SuiteRunner.runTest(SuiteRunner.java:334)
	at org.testng.SuiteRunner.runSequentially(SuiteRunner.java:329)
	at org.testng.SuiteRunner.privateRun(SuiteRunner.java:291)
	at org.testng.SuiteRunner.run(SuiteRunner.java:240)
	at org.testng.SuiteRunnerWorker.runSuite(SuiteRunnerWorker.java:52)
	at org.testng.SuiteRunnerWorker.run(SuiteRunnerWorker.java:86)
	at org.testng.TestNG.runSuitesSequentially(TestNG.java:1224)
	at org.testng.TestNG.runSuitesLocally(TestNG.java:1149)
	at org.testng.TestNG.run(TestNG.java:1057)
	at org.testng.TestNG.privateMain(TestNG.java:1364)
	at org.testng.TestNG.main(TestNG.java:1333)
</pre></div></td>
<td>0</td>
<td>com.qtpselenium.salesforce.testcases.LoginTest@38e644</td></tr>
<tr>
<td title='com.qtpselenium.salesforce.testcases.LoginTest.doLogin()'><b>doLogin</b><br>Test class: com.qtpselenium.salesforce.testcases.LoginTest<br>Parameters: {Username=decentvibhor@gmail.com, Password=plasma123, Runmode=N, Flag=Y, Browser=Chrome}</td>
<td><div><pre>org.testng.SkipException: Skipping as flag is N
	at com.qtpselenium.salesforce.testcases.LoginTest.doLogin(LoginTest.java:36)
... Removed 23 stack frames</pre></div><a href='#' onClick='toggleBox("stack-trace15919140", this, "Click to show all stack frames", "Click to hide stack frames")'>Click to show all stack frames</a>
<div class='stack-trace' id='stack-trace15919140'><pre>org.testng.SkipException: Skipping as flag is N
	at com.qtpselenium.salesforce.testcases.LoginTest.doLogin(LoginTest.java:36)
	at sun.reflect.NativeMethodAccessorImpl.invoke0(Native Method)
	at sun.reflect.NativeMethodAccessorImpl.invoke(NativeMethodAccessorImpl.java:57)
	at sun.reflect.DelegatingMethodAccessorImpl.invoke(DelegatingMethodAccessorImpl.java:43)
	at java.lang.reflect.Method.invoke(Method.java:601)
	at org.testng.internal.MethodInvocationHelper.invokeMethod(MethodInvocationHelper.java:84)
	at org.testng.internal.Invoker.invokeMethod(Invoker.java:714)
	at org.testng.internal.Invoker.invokeTestMethod(Invoker.java:901)
	at org.testng.internal.Invoker.invokeTestMethods(Invoker.java:1231)
	at org.testng.internal.TestMethodWorker.invokeTestMethods(TestMethodWorker.java:127)
	at org.testng.internal.TestMethodWorker.run(TestMethodWorker.java:111)
	at org.testng.TestRunner.privateRun(TestRunner.java:767)
	at org.testng.TestRunner.run(TestRunner.java:617)
	at org.testng.SuiteRunner.runTest(SuiteRunner.java:334)
	at org.testng.SuiteRunner.runSequentially(SuiteRunner.java:329)
	at org.testng.SuiteRunner.privateRun(SuiteRunner.java:291)
	at org.testng.SuiteRunner.run(SuiteRunner.java:240)
	at org.testng.SuiteRunnerWorker.runSuite(SuiteRunnerWorker.java:52)
	at org.testng.SuiteRunnerWorker.run(SuiteRunnerWorker.java:86)
	at org.testng.TestNG.runSuitesSequentially(TestNG.java:1224)
	at org.testng.TestNG.runSuitesLocally(TestNG.java:1149)
	at org.testng.TestNG.run(TestNG.java:1057)
	at org.testng.TestNG.privateMain(TestNG.java:1364)
	at org.testng.TestNG.main(TestNG.java:1333)
</pre></div></td>
<td>0</td>
<td>com.qtpselenium.salesforce.testcases.LoginTest@38e644</td></tr>
</table><p>
</body>
</html>